INFO: 2023/05/27 21:28:39 Reading configuration
INFO: 2023/05/27 21:28:39 read application configuration
INFO: 2023/05/27 21:28:39 Create router.
INFO: 2023/05/27 21:28:39 Start application.
INFO: 2023/05/27 21:28:39 Start server.
INFO: 2023/05/27 23:43:46 Reading configuration
DEBUG: 2023/05/27 23:43:46 read application configuration
INFO: 2023/05/27 23:43:46 Create router.
INFO: 2023/05/27 23:43:46 Start application.
INFO: 2023/05/27 23:43:46 Start server.
INFO: 2023/05/28 15:08:55 Reading configuration
DEBUG: 2023/05/28 15:08:55 read application configuration
INFO: 2023/05/28 15:08:55 Create router.
INFO: 2023/05/28 15:08:55 Start application.
INFO: 2023/05/28 15:08:55 listen tcp
INFO: 2023/05/28 15:08:55 create structure of server
INFO: 2023/05/28 15:08:55 Start server.
INFO: 2023/05/28 15:39:59 Reading configuration
DEBUG: 2023/05/28 15:39:59 read application configuration
INFO: 2023/05/28 15:39:59 Create router.
INFO: 2023/05/28 15:39:59 Start application.
INFO: 2023/05/28 15:39:59 create socket
DEBUG: 2023/05/28 15:39:59 socket path: /tmp/go-build2518602604/b001/exe/app.sock
INFO: 2023/05/28 15:39:59 listen unix socket
INFO: 2023/05/28 15:39:59 create structure of server
INFO: 2023/05/28 15:39:59 Start server.
INFO: 2023/05/28 15:41:23 Reading configuration
DEBUG: 2023/05/28 15:41:23 read application configuration
INFO: 2023/05/28 15:41:23 Create router.
INFO: 2023/05/28 15:41:23 Start application.
INFO: 2023/05/28 15:41:23 create socket
DEBUG: 2023/05/28 15:41:23 socket path: /home/kwynto/Programing/rest-api/app.sock
INFO: 2023/05/28 15:41:23 listen unix socket
INFO: 2023/05/28 15:41:23 create structure of server
INFO: 2023/05/28 15:41:23 Start server.
INFO: 2023/05/28 15:42:14 Reading configuration
DEBUG: 2023/05/28 15:42:14 read application configuration
INFO: 2023/05/28 15:42:14 Create router.
INFO: 2023/05/28 15:42:14 Start application.
INFO: 2023/05/28 15:42:14 create socket
DEBUG: 2023/05/28 15:42:14 socket path: /tmp/go-build2990868480/b001/exe/app.sock
INFO: 2023/05/28 15:42:14 listen unix socket
INFO: 2023/05/28 15:42:14 create structure of server
INFO: 2023/05/28 15:42:14 Start server.
INFO: 2023/05/28 15:45:11 Reading configuration
DEBUG: 2023/05/28 15:45:11 read application configuration
INFO: 2023/05/28 15:45:11 Create router.
INFO: 2023/05/28 15:45:11 Start application.
INFO: 2023/05/28 15:45:11 create socket
DEBUG: 2023/05/28 15:45:11 socket path: /home/kwynto/Programing/rest-api/app.sock
INFO: 2023/05/28 15:45:11 listen unix socket
CRITICAL: 2023/05/28 15:45:11 Not create listener: %v listen unix /home/kwynto/Programing/rest-api/app.sock: bind: address already in use
GENERAL: 2023/05/28 15:45:11 listen unix /home/kwynto/Programing/rest-api/app.sock: bind: address already in use
INFO: 2023/05/28 15:46:16 Reading configuration
DEBUG: 2023/05/28 15:46:16 read application configuration
INFO: 2023/05/28 15:46:16 Create router.
INFO: 2023/05/28 15:46:16 Start application.
INFO: 2023/05/28 15:46:16 create socket
DEBUG: 2023/05/28 15:46:16 socket path: /home/kwynto/Programing/rest-api/app.sock
INFO: 2023/05/28 15:46:16 listen unix socket
INFO: 2023/05/28 15:46:16 create structure of server
INFO: 2023/05/28 15:46:16 Start server.
INFO: 2023/05/28 15:46:34 Reading configuration
DEBUG: 2023/05/28 15:46:34 read application configuration
INFO: 2023/05/28 15:46:34 Create router.
INFO: 2023/05/28 15:46:34 Start application.
INFO: 2023/05/28 15:46:34 create socket
DEBUG: 2023/05/28 15:46:34 socket path: /home/kwynto/Programing/rest-api/app.sock
INFO: 2023/05/28 15:46:34 listen unix socket
INFO: 2023/05/28 15:46:34 create structure of server
INFO: 2023/05/28 15:46:34 Start server.
INFO: 2023/05/28 15:46:38 Reading configuration
DEBUG: 2023/05/28 15:46:38 read application configuration
INFO: 2023/05/28 15:46:38 Create router.
INFO: 2023/05/28 15:46:38 Start application.
INFO: 2023/05/28 15:46:38 create socket
DEBUG: 2023/05/28 15:46:38 socket path: /home/kwynto/Programing/rest-api/app.sock
INFO: 2023/05/28 15:46:38 listen unix socket
CRITICAL: 2023/05/28 15:46:38 Not create listener: %v listen unix /home/kwynto/Programing/rest-api/app.sock: bind: address already in use
GENERAL: 2023/05/28 15:46:38 listen unix /home/kwynto/Programing/rest-api/app.sock: bind: address already in use
INFO: 2023/05/28 15:46:50 Reading configuration
DEBUG: 2023/05/28 15:46:50 read application configuration
INFO: 2023/05/28 15:46:50 Create router.
INFO: 2023/05/28 15:46:50 Start application.
INFO: 2023/05/28 15:46:50 create socket
DEBUG: 2023/05/28 15:46:50 socket path: /tmp/go-build2622158089/b001/exe/app.sock
INFO: 2023/05/28 15:46:50 listen unix socket
INFO: 2023/05/28 15:46:50 create structure of server
INFO: 2023/05/28 15:46:50 Start server.
INFO: 2023/05/28 15:46:53 Reading configuration
DEBUG: 2023/05/28 15:46:53 read application configuration
INFO: 2023/05/28 15:46:53 Create router.
INFO: 2023/05/28 15:46:53 Start application.
INFO: 2023/05/28 15:46:53 create socket
DEBUG: 2023/05/28 15:46:53 socket path: /tmp/go-build2021241510/b001/exe/app.sock
INFO: 2023/05/28 15:46:53 listen unix socket
INFO: 2023/05/28 15:46:53 create structure of server
INFO: 2023/05/28 15:46:53 Start server.
INFO: 2023/05/28 19:44:06 Reading configuration
DEBUG: 2023/05/28 19:44:06 read application configuration
INFO: 2023/05/28 19:44:06 Create router.
INFO: 2023/05/28 19:44:06 Start application.
INFO: 2023/05/28 19:44:06 create socket
DEBUG: 2023/05/28 19:44:06 socket path: /tmp/go-build2670996579/b001/exe/app.sock
INFO: 2023/05/28 19:44:06 listen unix socket
INFO: 2023/05/28 19:44:06 create structure of server
INFO: 2023/05/28 19:44:06 Start server.
INFO: 2023/05/28 19:48:44 Reading configuration
DEBUG: 2023/05/28 19:48:44 read application configuration
INFO: 2023/05/28 19:48:44 Create router.
INFO: 2023/05/28 19:48:44 Start application.
INFO: 2023/05/28 19:48:44 create socket
DEBUG: 2023/05/28 19:48:44 socket path: /tmp/go-build1205269891/b001/exe/app.sock
INFO: 2023/05/28 19:48:44 listen unix socket
INFO: 2023/05/28 19:48:44 create structure of server
INFO: 2023/05/28 19:48:44 Start server.
INFO: 2023/05/28 20:14:16 Reading configuration
DEBUG: 2023/05/28 20:14:16 read application configuration
INFO: 2023/05/28 20:14:16 Configuration loaded.
INFO: 2023/05/28 20:14:16 Create router.
INFO: 2023/05/28 20:14:16 Start application.
DEBUG: 2023/05/28 20:14:16 create socket
DEBUG: 2023/05/28 20:14:16 socket path: /tmp/go-build504491467/b001/exe/app.sock
DEBUG: 2023/05/28 20:14:16 listen unix socket
DEBUG: 2023/05/28 20:14:16 create structure of server
INFO: 2023/05/28 20:14:16 Start server.
INFO: 2023/05/28 20:53:14 Reading configuration
DEBUG: 2023/05/28 20:53:14 read application configuration
INFO: 2023/05/28 20:53:14 Configuration loaded.
INFO: 2023/05/28 20:53:14 Create router.
INFO: 2023/05/28 20:53:14 Start application.
DEBUG: 2023/05/28 20:53:14 create socket
DEBUG: 2023/05/28 20:53:14 socket path: /tmp/go-build615615006/b001/exe/app.sock
DEBUG: 2023/05/28 20:53:14 listen unix socket
DEBUG: 2023/05/28 20:53:14 create structure of server
INFO: 2023/05/28 20:53:14 Start server.
